<?xml version="1.0" encoding="UTF-8"?>
<robot generator="Robot 3.1.2 (Python 3.6.5 on win32)" generated="20190903 16:26:29.981" rpa="false">
<suite id="s1" name="Baidu" source="D:\MyTest\Python3\Tmp\Robotframwork\baidu.robot">
<test id="s1-t1" name="baidu">
<kw name="Open Browser" library="SeleniumLibrary">
<doc>Opens a new browser instance to the given ``url``.</doc>
<arguments>
<arg>http://www.baidu.com</arg>
<arg>chrome</arg>
</arguments>
<msg timestamp="20190903 16:26:30.556" level="INFO">Opening browser 'chrome' to base url 'http://www.baidu.com'.</msg>
<status status="PASS" starttime="20190903 16:26:30.556" endtime="20190903 16:26:47.439"></status>
</kw>
<kw name="Set Selenium Implicit Wait" library="SeleniumLibrary">
<doc>Sets the implicit wait value used by Selenium.</doc>
<arguments>
<arg>5</arg>
</arguments>
<status status="PASS" starttime="20190903 16:26:47.440" endtime="20190903 16:26:47.442"></status>
</kw>
<kw name="Input Text" library="SeleniumLibrary">
<doc>Types the given ``text`` into text field identified by ``locator``.</doc>
<arguments>
<arg>id=kw</arg>
<arg>selenium\n</arg>
</arguments>
<msg timestamp="20190903 16:26:47.446" level="INFO">Typing text 'selenium
' into text field 'id=kw'.</msg>
<status status="PASS" starttime="20190903 16:26:47.446" endtime="20190903 16:26:47.886"></status>
</kw>
<kw name="Get Text" library="SeleniumLibrary">
<doc>Returns the text value of element identified by ``locator``.</doc>
<arguments>
<arg>id=1</arg>
</arguments>
<assign>
<var>${firstRet}</var>
</assign>
<msg timestamp="20190903 16:26:49.658" level="INFO">${firstRet} = Selenium - Web Browser Automation官网
查看此网页的中文翻译，请点击 翻译此页
Selenium is a suite of tools to automate web browsers across many platforms. Selenium... runs in many browsers and operating systems can be cont...</msg>
<status status="PASS" starttime="20190903 16:26:47.887" endtime="20190903 16:26:49.658"></status>
</kw>
<kw name="Should Contain" library="BuiltIn">
<doc>Fails if ``container`` does not contain ``item`` one or more times.</doc>
<arguments>
<arg>${firstRet}</arg>
<arg>selenium</arg>
</arguments>
<status status="PASS" starttime="20190903 16:26:49.660" endtime="20190903 16:26:49.660"></status>
</kw>
<doc>baidu_yixia</doc>
<status status="PASS" starttime="20190903 16:26:30.555" endtime="20190903 16:26:49.662" critical="yes"></status>
</test>
<test id="s1-t2" name="baidu2">
<kw name="Open Browser" library="SeleniumLibrary">
<doc>Opens a new browser instance to the given ``url``.</doc>
<arguments>
<arg>http://www.baidu.com</arg>
<arg>firefox</arg>
</arguments>
<msg timestamp="20190903 16:26:49.667" level="INFO">Opening browser 'firefox' to base url 'http://www.baidu.com'.</msg>
<status status="PASS" starttime="20190903 16:26:49.667" endtime="20190903 16:27:22.558"></status>
</kw>
<kw name="Set Selenium Implicit Wait" library="SeleniumLibrary">
<doc>Sets the implicit wait value used by Selenium.</doc>
<arguments>
<arg>5</arg>
</arguments>
<status status="PASS" starttime="20190903 16:27:22.559" endtime="20190903 16:27:22.576"></status>
</kw>
<kw name="Input Text" library="SeleniumLibrary">
<doc>Types the given ``text`` into text field identified by ``locator``.</doc>
<arguments>
<arg>id=kw</arg>
<arg>selenium2</arg>
</arguments>
<msg timestamp="20190903 16:27:22.590" level="INFO">Typing text 'selenium2' into text field 'id=kw'.</msg>
<status status="PASS" starttime="20190903 16:27:22.588" endtime="20190903 16:27:22.728"></status>
</kw>
<kw name="Click Element" library="SeleniumLibrary">
<doc>Click element identified by ``locator``.</doc>
<arguments>
<arg>id=su</arg>
</arguments>
<msg timestamp="20190903 16:27:22.730" level="INFO">Clicking element 'id=su'.</msg>
<status status="PASS" starttime="20190903 16:27:22.729" endtime="20190903 16:27:23.210"></status>
</kw>
<kw name="Get Title" library="SeleniumLibrary">
<doc>Returns the title of current page.</doc>
<assign>
<var>${title}</var>
</assign>
<msg timestamp="20190903 16:27:23.215" level="INFO">${title} = 百度一下，你就知道</msg>
<status status="PASS" starttime="20190903 16:27:23.211" endtime="20190903 16:27:23.215"></status>
</kw>
<kw name="Should Contain" library="BuiltIn">
<doc>Fails if ``container`` does not contain ``item`` one or more times.</doc>
<arguments>
<arg>${title}</arg>
<arg>百度一下，你就知道</arg>
</arguments>
<status status="PASS" starttime="20190903 16:27:23.216" endtime="20190903 16:27:23.216"></status>
</kw>
<status status="PASS" starttime="20190903 16:26:49.666" endtime="20190903 16:27:23.217" critical="yes"></status>
</test>
<status status="PASS" starttime="20190903 16:26:29.986" endtime="20190903 16:27:23.222"></status>
</suite>
<statistics>
<total>
<stat pass="2" fail="0">Critical Tests</stat>
<stat pass="2" fail="0">All Tests</stat>
</total>
<tag>
</tag>
<suite>
<stat pass="2" fail="0" id="s1" name="Baidu">Baidu</stat>
</suite>
</statistics>
<errors>
</errors>
</robot>
