<?xml version="1.0" encoding="UTF-8"?>
<robot generator="Robot 3.1.2 (Python 3.6.5 on win32)" generated="20190911 12:27:23.466" rpa="false">
<suite id="s1" name="Tmp" source="D:\MyTest\Python3\Tmp\GitFile\2019_09_Robotframwork\Tmp.robot">
<test id="s1-t1" name="Case1">
<kw name="Set Variable" library="BuiltIn">
<doc>Returns the given values which can then be assigned to a variables.</doc>
<arguments>
<arg>100</arg>
</arguments>
<assign>
<var>${a}</var>
</assign>
<msg timestamp="20190911 12:27:23.500" level="INFO">${a} = 100</msg>
<status status="PASS" starttime="20190911 12:27:23.500" endtime="20190911 12:27:23.500"></status>
</kw>
<kw name="Convert To Integer" library="BuiltIn">
<doc>Converts the given item to an integer number.</doc>
<arguments>
<arg>${a}</arg>
</arguments>
<assign>
<var>${integer}</var>
</assign>
<msg timestamp="20190911 12:27:23.501" level="INFO">${integer} = 100</msg>
<status status="PASS" starttime="20190911 12:27:23.501" endtime="20190911 12:27:23.501"></status>
</kw>
<kw name="Log To Console" library="BuiltIn">
<doc>Logs the given message to the console.</doc>
<arguments>
<arg>${integer}</arg>
</arguments>
<status status="PASS" starttime="20190911 12:27:23.502" endtime="20190911 12:27:23.503"></status>
</kw>
<kw name="Convert To Number" library="BuiltIn">
<doc>Converts the given item to a floating point number.</doc>
<arguments>
<arg>${a}</arg>
</arguments>
<assign>
<var>${number}</var>
</assign>
<msg timestamp="20190911 12:27:23.504" level="INFO">${number} = 100.0</msg>
<status status="PASS" starttime="20190911 12:27:23.504" endtime="20190911 12:27:23.504"></status>
</kw>
<kw name="Log To Console" library="BuiltIn">
<doc>Logs the given message to the console.</doc>
<arguments>
<arg>${number}</arg>
</arguments>
<status status="PASS" starttime="20190911 12:27:23.505" endtime="20190911 12:27:23.506"></status>
</kw>
<kw name="Convert To Binary" library="BuiltIn">
<doc>Converts the given item to a binary string.</doc>
<arguments>
<arg>${a}</arg>
</arguments>
<assign>
<var>${binary}</var>
</assign>
<msg timestamp="20190911 12:27:23.507" level="INFO">${binary} = 1100100</msg>
<status status="PASS" starttime="20190911 12:27:23.507" endtime="20190911 12:27:23.507"></status>
</kw>
<kw name="Log To Console" library="BuiltIn">
<doc>Logs the given message to the console.</doc>
<arguments>
<arg>${binary}</arg>
</arguments>
<status status="PASS" starttime="20190911 12:27:23.508" endtime="20190911 12:27:23.508"></status>
</kw>
<kw name="Convert To Octal" library="BuiltIn">
<doc>Converts the given item to an octal string.</doc>
<arguments>
<arg>${a}</arg>
</arguments>
<assign>
<var>${octal}</var>
</assign>
<msg timestamp="20190911 12:27:23.510" level="INFO">${octal} = 144</msg>
<status status="PASS" starttime="20190911 12:27:23.509" endtime="20190911 12:27:23.510"></status>
</kw>
<kw name="Log To Console" library="BuiltIn">
<doc>Logs the given message to the console.</doc>
<arguments>
<arg>${octal}</arg>
</arguments>
<status status="PASS" starttime="20190911 12:27:23.511" endtime="20190911 12:27:23.511"></status>
</kw>
<kw name="Convert To Hex" library="BuiltIn">
<doc>Converts the given item to a hexadecimal string.</doc>
<arguments>
<arg>${a}</arg>
</arguments>
<assign>
<var>${hex}</var>
</assign>
<msg timestamp="20190911 12:27:23.512" level="INFO">${hex} = 64</msg>
<status status="PASS" starttime="20190911 12:27:23.512" endtime="20190911 12:27:23.512"></status>
</kw>
<kw name="Log To Console" library="BuiltIn">
<doc>Logs the given message to the console.</doc>
<arguments>
<arg>${hex}</arg>
</arguments>
<status status="PASS" starttime="20190911 12:27:23.513" endtime="20190911 12:27:23.513"></status>
</kw>
<kw name="Convert To String" library="BuiltIn">
<doc>Converts the given item to a Unicode string.</doc>
<arguments>
<arg>${a}</arg>
</arguments>
<assign>
<var>${string}</var>
</assign>
<msg timestamp="20190911 12:27:23.514" level="INFO">${string} = 100</msg>
<status status="PASS" starttime="20190911 12:27:23.514" endtime="20190911 12:27:23.514"></status>
</kw>
<kw name="Log To Console" library="BuiltIn">
<doc>Logs the given message to the console.</doc>
<arguments>
<arg>${string}</arg>
</arguments>
<status status="PASS" starttime="20190911 12:27:23.516" endtime="20190911 12:27:23.517"></status>
</kw>
<kw name="Convert To Bytes" library="BuiltIn">
<doc>Converts the given ``input`` to bytes according to the ``input_type``.</doc>
<arguments>
<arg>${a}</arg>
</arguments>
<assign>
<var>${bytes}</var>
</assign>
<msg timestamp="20190911 12:27:23.519" level="INFO">${bytes} = 100</msg>
<status status="PASS" starttime="20190911 12:27:23.518" endtime="20190911 12:27:23.519"></status>
</kw>
<kw name="Log To Console" library="BuiltIn">
<doc>Logs the given message to the console.</doc>
<arguments>
<arg>${bytes}</arg>
</arguments>
<status status="PASS" starttime="20190911 12:27:23.520" endtime="20190911 12:27:23.520"></status>
</kw>
<kw name="Convert To Boolean" library="BuiltIn">
<doc>Converts the given item to Boolean true or false.</doc>
<arguments>
<arg>${a}</arg>
</arguments>
<assign>
<var>${boolean}</var>
</assign>
<msg timestamp="20190911 12:27:23.522" level="INFO">${boolean} = True</msg>
<status status="PASS" starttime="20190911 12:27:23.521" endtime="20190911 12:27:23.522"></status>
</kw>
<kw name="Log To Console" library="BuiltIn">
<doc>Logs the given message to the console.</doc>
<arguments>
<arg>${boolean}</arg>
</arguments>
<status status="PASS" starttime="20190911 12:27:23.522" endtime="20190911 12:27:23.523"></status>
</kw>
<status status="PASS" starttime="20190911 12:27:23.498" endtime="20190911 12:27:23.524" critical="yes"></status>
</test>
<test id="s1-t2" name="Case2">
<kw name="Set Variable" library="BuiltIn">
<doc>Returns the given values which can then be assigned to a variables.</doc>
<arguments>
<arg>100</arg>
</arguments>
<assign>
<var>${a}</var>
</assign>
<msg timestamp="20190911 12:27:23.526" level="INFO">${a} = 100</msg>
<status status="PASS" starttime="20190911 12:27:23.526" endtime="20190911 12:27:23.526"></status>
</kw>
<kw name="Convert To Integer" library="BuiltIn">
<doc>Converts the given item to an integer number.</doc>
<arguments>
<arg>${a}</arg>
<arg>2</arg>
</arguments>
<assign>
<var>${integer}</var>
</assign>
<msg timestamp="20190911 12:27:23.527" level="INFO">${integer} = 4</msg>
<status status="PASS" starttime="20190911 12:27:23.526" endtime="20190911 12:27:23.527"></status>
</kw>
<kw name="Log To Console" library="BuiltIn">
<doc>Logs the given message to the console.</doc>
<arguments>
<arg>${integer}</arg>
</arguments>
<status status="PASS" starttime="20190911 12:27:23.527" endtime="20190911 12:27:23.528"></status>
</kw>
<kw name="Convert To Binary" library="BuiltIn">
<doc>Converts the given item to a binary string.</doc>
<arguments>
<arg>${a}</arg>
<arg>8</arg>
</arguments>
<assign>
<var>${binary}</var>
</assign>
<msg timestamp="20190911 12:27:23.529" level="INFO">${binary} = 1000000</msg>
<status status="PASS" starttime="20190911 12:27:23.529" endtime="20190911 12:27:23.529"></status>
</kw>
<kw name="Log To Console" library="BuiltIn">
<doc>Logs the given message to the console.</doc>
<arguments>
<arg>${binary}</arg>
</arguments>
<status status="PASS" starttime="20190911 12:27:23.529" endtime="20190911 12:27:23.530"></status>
</kw>
<kw name="Convert To Octal" library="BuiltIn">
<doc>Converts the given item to an octal string.</doc>
<arguments>
<arg>${a}</arg>
<arg>16</arg>
</arguments>
<assign>
<var>${octal}</var>
</assign>
<msg timestamp="20190911 12:27:23.531" level="INFO">${octal} = 400</msg>
<status status="PASS" starttime="20190911 12:27:23.530" endtime="20190911 12:27:23.531"></status>
</kw>
<kw name="Log To Console" library="BuiltIn">
<doc>Logs the given message to the console.</doc>
<arguments>
<arg>${octal}</arg>
</arguments>
<status status="PASS" starttime="20190911 12:27:23.531" endtime="20190911 12:27:23.532"></status>
</kw>
<kw name="Convert To Hex" library="BuiltIn">
<doc>Converts the given item to a hexadecimal string.</doc>
<arguments>
<arg>${a}</arg>
<arg>10</arg>
</arguments>
<assign>
<var>${hex}</var>
</assign>
<msg timestamp="20190911 12:27:23.534" level="INFO">${hex} = 64</msg>
<status status="PASS" starttime="20190911 12:27:23.533" endtime="20190911 12:27:23.534"></status>
</kw>
<kw name="Log To Console" library="BuiltIn">
<doc>Logs the given message to the console.</doc>
<arguments>
<arg>${hex}</arg>
</arguments>
<status status="PASS" starttime="20190911 12:27:23.534" endtime="20190911 12:27:23.535"></status>
</kw>
<kw name="Convert To String" library="BuiltIn">
<doc>Converts the given item to a Unicode string.</doc>
<arguments>
<arg>${a}</arg>
</arguments>
<assign>
<var>${string}</var>
</assign>
<msg timestamp="20190911 12:27:23.536" level="INFO">${string} = 100</msg>
<status status="PASS" starttime="20190911 12:27:23.536" endtime="20190911 12:27:23.536"></status>
</kw>
<kw name="Log To Console" library="BuiltIn">
<doc>Logs the given message to the console.</doc>
<arguments>
<arg>${string}</arg>
</arguments>
<status status="PASS" starttime="20190911 12:27:23.536" endtime="20190911 12:27:23.537"></status>
</kw>
<kw name="Convert To Bytes" library="BuiltIn">
<doc>Converts the given ``input`` to bytes according to the ``input_type``.</doc>
<arguments>
<arg>${a}</arg>
</arguments>
<assign>
<var>${bytes}</var>
</assign>
<msg timestamp="20190911 12:27:23.538" level="INFO">${bytes} = 100</msg>
<status status="PASS" starttime="20190911 12:27:23.537" endtime="20190911 12:27:23.538"></status>
</kw>
<kw name="Log To Console" library="BuiltIn">
<doc>Logs the given message to the console.</doc>
<arguments>
<arg>${bytes}</arg>
</arguments>
<status status="PASS" starttime="20190911 12:27:23.538" endtime="20190911 12:27:23.539"></status>
</kw>
<kw name="Convert To Boolean" library="BuiltIn">
<doc>Converts the given item to Boolean true or false.</doc>
<arguments>
<arg>${a}</arg>
</arguments>
<assign>
<var>${boolean}</var>
</assign>
<msg timestamp="20190911 12:27:23.540" level="INFO">${boolean} = True</msg>
<status status="PASS" starttime="20190911 12:27:23.540" endtime="20190911 12:27:23.540"></status>
</kw>
<status status="PASS" starttime="20190911 12:27:23.525" endtime="20190911 12:27:23.541" critical="yes"></status>
</test>
<status status="PASS" starttime="20190911 12:27:23.471" endtime="20190911 12:27:23.542"></status>
</suite>
<statistics>
<total>
<stat pass="2" fail="0">Critical Tests</stat>
<stat pass="2" fail="0">All Tests</stat>
</total>
<tag>
</tag>
<suite>
<stat pass="2" fail="0" id="s1" name="Tmp">Tmp</stat>
</suite>
</statistics>
<errors>
</errors>
</robot>
