<?xml version="1.0" encoding="UTF-8"?>
<robot generator="Robot 3.1.2 (Python 3.6.5 on win32)" generated="20191010 17:33:20.895" rpa="false">
<suite id="s1" name="Tmp" source="D:\MyTest\Python3\Tmp\Python3\2019_09_Robotframwork\other\Tmp.robot">
<test id="s1-t1" name="Case1">
<kw name="Set Variable" library="BuiltIn">
<doc>Returns the given values which can then be assigned to a variables.</doc>
<arguments>
<arg>100</arg>
</arguments>
<assign>
<var>${a}</var>
</assign>
<msg timestamp="20191010 17:33:20.934" level="INFO">${a} = 100</msg>
<status status="PASS" starttime="20191010 17:33:20.934" endtime="20191010 17:33:20.934"></status>
</kw>
<kw name="Convert To Integer" library="BuiltIn">
<doc>Converts the given item to an integer number.</doc>
<arguments>
<arg>${a}</arg>
</arguments>
<assign>
<var>${integer}</var>
</assign>
<msg timestamp="20191010 17:33:20.935" level="INFO">${integer} = 100</msg>
<status status="PASS" starttime="20191010 17:33:20.935" endtime="20191010 17:33:20.935"></status>
</kw>
<kw name="Log To Console" library="BuiltIn">
<doc>Logs the given message to the console.</doc>
<arguments>
<arg>${integer}</arg>
</arguments>
<status status="PASS" starttime="20191010 17:33:20.936" endtime="20191010 17:33:20.936"></status>
</kw>
<kw name="Convert To Number" library="BuiltIn">
<doc>Converts the given item to a floating point number.</doc>
<arguments>
<arg>${a}</arg>
</arguments>
<assign>
<var>${number}</var>
</assign>
<msg timestamp="20191010 17:33:20.937" level="INFO">${number} = 100.0</msg>
<status status="PASS" starttime="20191010 17:33:20.937" endtime="20191010 17:33:20.937"></status>
</kw>
<kw name="Log To Console" library="BuiltIn">
<doc>Logs the given message to the console.</doc>
<arguments>
<arg>${number}</arg>
</arguments>
<status status="PASS" starttime="20191010 17:33:20.937" endtime="20191010 17:33:20.938"></status>
</kw>
<kw name="Convert To Binary" library="BuiltIn">
<doc>Converts the given item to a binary string.</doc>
<arguments>
<arg>${a}</arg>
</arguments>
<assign>
<var>${binary}</var>
</assign>
<msg timestamp="20191010 17:33:20.938" level="INFO">${binary} = 1100100</msg>
<status status="PASS" starttime="20191010 17:33:20.938" endtime="20191010 17:33:20.938"></status>
</kw>
<kw name="Log To Console" library="BuiltIn">
<doc>Logs the given message to the console.</doc>
<arguments>
<arg>${binary}</arg>
</arguments>
<status status="PASS" starttime="20191010 17:33:20.938" endtime="20191010 17:33:20.939"></status>
</kw>
<kw name="Convert To Octal" library="BuiltIn">
<doc>Converts the given item to an octal string.</doc>
<arguments>
<arg>${a}</arg>
</arguments>
<assign>
<var>${octal}</var>
</assign>
<msg timestamp="20191010 17:33:20.939" level="INFO">${octal} = 144</msg>
<status status="PASS" starttime="20191010 17:33:20.939" endtime="20191010 17:33:20.940"></status>
</kw>
<kw name="Log To Console" library="BuiltIn">
<doc>Logs the given message to the console.</doc>
<arguments>
<arg>${octal}</arg>
</arguments>
<status status="PASS" starttime="20191010 17:33:20.940" endtime="20191010 17:33:20.940"></status>
</kw>
<kw name="Convert To Hex" library="BuiltIn">
<doc>Converts the given item to a hexadecimal string.</doc>
<arguments>
<arg>${a}</arg>
</arguments>
<assign>
<var>${hex}</var>
</assign>
<msg timestamp="20191010 17:33:20.941" level="INFO">${hex} = 64</msg>
<status status="PASS" starttime="20191010 17:33:20.940" endtime="20191010 17:33:20.941"></status>
</kw>
<kw name="Log To Console" library="BuiltIn">
<doc>Logs the given message to the console.</doc>
<arguments>
<arg>${hex}</arg>
</arguments>
<status status="PASS" starttime="20191010 17:33:20.941" endtime="20191010 17:33:20.941"></status>
</kw>
<kw name="Convert To String" library="BuiltIn">
<doc>Converts the given item to a Unicode string.</doc>
<arguments>
<arg>${a}</arg>
</arguments>
<assign>
<var>${string}</var>
</assign>
<msg timestamp="20191010 17:33:20.942" level="INFO">${string} = 100</msg>
<status status="PASS" starttime="20191010 17:33:20.942" endtime="20191010 17:33:20.942"></status>
</kw>
<kw name="Log To Console" library="BuiltIn">
<doc>Logs the given message to the console.</doc>
<arguments>
<arg>${string}</arg>
</arguments>
<status status="PASS" starttime="20191010 17:33:20.942" endtime="20191010 17:33:20.943"></status>
</kw>
<kw name="Convert To Bytes" library="BuiltIn">
<doc>Converts the given ``input`` to bytes according to the ``input_type``.</doc>
<arguments>
<arg>${a}</arg>
</arguments>
<assign>
<var>${bytes}</var>
</assign>
<msg timestamp="20191010 17:33:20.943" level="INFO">${bytes} = 100</msg>
<status status="PASS" starttime="20191010 17:33:20.943" endtime="20191010 17:33:20.943"></status>
</kw>
<kw name="Log To Console" library="BuiltIn">
<doc>Logs the given message to the console.</doc>
<arguments>
<arg>${bytes}</arg>
</arguments>
<status status="PASS" starttime="20191010 17:33:20.944" endtime="20191010 17:33:20.944"></status>
</kw>
<kw name="Convert To Boolean" library="BuiltIn">
<doc>Converts the given item to Boolean true or false.</doc>
<arguments>
<arg>${a}</arg>
</arguments>
<assign>
<var>${boolean}</var>
</assign>
<msg timestamp="20191010 17:33:20.944" level="INFO">${boolean} = True</msg>
<status status="PASS" starttime="20191010 17:33:20.944" endtime="20191010 17:33:20.944"></status>
</kw>
<kw name="Log To Console" library="BuiltIn">
<doc>Logs the given message to the console.</doc>
<arguments>
<arg>${boolean}</arg>
</arguments>
<status status="PASS" starttime="20191010 17:33:20.945" endtime="20191010 17:33:20.945"></status>
</kw>
<status status="PASS" starttime="20191010 17:33:20.931" endtime="20191010 17:33:20.945" critical="yes"></status>
</test>
<test id="s1-t2" name="Case2">
<kw name="Set Variable" library="BuiltIn">
<doc>Returns the given values which can then be assigned to a variables.</doc>
<arguments>
<arg>100</arg>
</arguments>
<assign>
<var>${a}</var>
</assign>
<msg timestamp="20191010 17:33:20.947" level="INFO">${a} = 100</msg>
<status status="PASS" starttime="20191010 17:33:20.946" endtime="20191010 17:33:20.947"></status>
</kw>
<kw name="Convert To Integer" library="BuiltIn">
<doc>Converts the given item to an integer number.</doc>
<arguments>
<arg>${a}</arg>
<arg>2</arg>
</arguments>
<assign>
<var>${integer}</var>
</assign>
<msg timestamp="20191010 17:33:20.947" level="INFO">${integer} = 4</msg>
<status status="PASS" starttime="20191010 17:33:20.947" endtime="20191010 17:33:20.947"></status>
</kw>
<kw name="Log To Console" library="BuiltIn">
<doc>Logs the given message to the console.</doc>
<arguments>
<arg>${integer}</arg>
</arguments>
<status status="PASS" starttime="20191010 17:33:20.948" endtime="20191010 17:33:20.948"></status>
</kw>
<kw name="Convert To Binary" library="BuiltIn">
<doc>Converts the given item to a binary string.</doc>
<arguments>
<arg>${a}</arg>
<arg>8</arg>
</arguments>
<assign>
<var>${binary}</var>
</assign>
<msg timestamp="20191010 17:33:20.948" level="INFO">${binary} = 1000000</msg>
<status status="PASS" starttime="20191010 17:33:20.948" endtime="20191010 17:33:20.949"></status>
</kw>
<kw name="Log To Console" library="BuiltIn">
<doc>Logs the given message to the console.</doc>
<arguments>
<arg>${binary}</arg>
</arguments>
<status status="PASS" starttime="20191010 17:33:20.949" endtime="20191010 17:33:20.949"></status>
</kw>
<kw name="Convert To Octal" library="BuiltIn">
<doc>Converts the given item to an octal string.</doc>
<arguments>
<arg>${a}</arg>
<arg>16</arg>
</arguments>
<assign>
<var>${octal}</var>
</assign>
<msg timestamp="20191010 17:33:20.950" level="INFO">${octal} = 400</msg>
<status status="PASS" starttime="20191010 17:33:20.949" endtime="20191010 17:33:20.950"></status>
</kw>
<kw name="Log To Console" library="BuiltIn">
<doc>Logs the given message to the console.</doc>
<arguments>
<arg>${octal}</arg>
</arguments>
<status status="PASS" starttime="20191010 17:33:20.950" endtime="20191010 17:33:20.950"></status>
</kw>
<kw name="Convert To Hex" library="BuiltIn">
<doc>Converts the given item to a hexadecimal string.</doc>
<arguments>
<arg>${a}</arg>
<arg>10</arg>
</arguments>
<assign>
<var>${hex}</var>
</assign>
<msg timestamp="20191010 17:33:20.951" level="INFO">${hex} = 64</msg>
<status status="PASS" starttime="20191010 17:33:20.950" endtime="20191010 17:33:20.951"></status>
</kw>
<kw name="Log To Console" library="BuiltIn">
<doc>Logs the given message to the console.</doc>
<arguments>
<arg>${hex}</arg>
</arguments>
<status status="PASS" starttime="20191010 17:33:20.951" endtime="20191010 17:33:20.951"></status>
</kw>
<kw name="Convert To String" library="BuiltIn">
<doc>Converts the given item to a Unicode string.</doc>
<arguments>
<arg>${a}</arg>
</arguments>
<assign>
<var>${string}</var>
</assign>
<msg timestamp="20191010 17:33:20.952" level="INFO">${string} = 100</msg>
<status status="PASS" starttime="20191010 17:33:20.952" endtime="20191010 17:33:20.952"></status>
</kw>
<kw name="Log To Console" library="BuiltIn">
<doc>Logs the given message to the console.</doc>
<arguments>
<arg>${string}</arg>
</arguments>
<status status="PASS" starttime="20191010 17:33:20.952" endtime="20191010 17:33:20.952"></status>
</kw>
<kw name="Convert To Bytes" library="BuiltIn">
<doc>Converts the given ``input`` to bytes according to the ``input_type``.</doc>
<arguments>
<arg>${a}</arg>
</arguments>
<assign>
<var>${bytes}</var>
</assign>
<msg timestamp="20191010 17:33:20.953" level="INFO">${bytes} = 100</msg>
<status status="PASS" starttime="20191010 17:33:20.953" endtime="20191010 17:33:20.953"></status>
</kw>
<kw name="Log To Console" library="BuiltIn">
<doc>Logs the given message to the console.</doc>
<arguments>
<arg>${bytes}</arg>
</arguments>
<status status="PASS" starttime="20191010 17:33:20.953" endtime="20191010 17:33:20.954"></status>
</kw>
<kw name="Convert To Boolean" library="BuiltIn">
<doc>Converts the given item to Boolean true or false.</doc>
<arguments>
<arg>${a}</arg>
</arguments>
<assign>
<var>${boolean}</var>
</assign>
<msg timestamp="20191010 17:33:20.954" level="INFO">${boolean} = True</msg>
<status status="PASS" starttime="20191010 17:33:20.954" endtime="20191010 17:33:20.954"></status>
</kw>
<status status="PASS" starttime="20191010 17:33:20.945" endtime="20191010 17:33:20.954" critical="yes"></status>
</test>
<status status="PASS" starttime="20191010 17:33:20.904" endtime="20191010 17:33:20.955"></status>
</suite>
<statistics>
<total>
<stat pass="2" fail="0">Critical Tests</stat>
<stat pass="2" fail="0">All Tests</stat>
</total>
<tag>
</tag>
<suite>
<stat pass="2" fail="0" id="s1" name="Tmp">Tmp</stat>
</suite>
</statistics>
<errors>
</errors>
</robot>
