<?xml version="1.0" encoding="UTF-8"?>
<robot generator="Robot 3.1.2 (Python 3.6.5 on win32)" generated="20190911 10:35:12.515" rpa="false">
<suite id="s1" name="Tmprobot" source="D:\MyTest\Python3\Tmp\GitFile\2019_09_Robotframwork\Tmprobot.robot">
<test id="s1-t1" name="test_name">
<kw name="Calc" library="Tmp">
<status status="PASS" starttime="20190911 10:35:12.843" endtime="20190911 10:35:15.766"></status>
</kw>
<status status="PASS" starttime="20190911 10:35:12.842" endtime="20190911 10:35:15.766" critical="yes"></status>
</test>
<status status="PASS" starttime="20190911 10:35:12.524" endtime="20190911 10:35:15.768"></status>
</suite>
<statistics>
<total>
<stat pass="1" fail="0">Critical Tests</stat>
<stat pass="1" fail="0">All Tests</stat>
</total>
<tag>
</tag>
<suite>
<stat pass="1" fail="0" id="s1" name="Tmprobot">Tmprobot</stat>
</suite>
</statistics>
<errors>
</errors>
</robot>
