<?xml version="1.0" encoding="UTF-8"?>
<robot generator="Robot 3.1.2 (Python 3.6.5 on win32)" generated="20191119 20:03:50.969" rpa="false">
<suite id="s1" name="Tmp" source="D:\Mytest\Python3\Python3\Tmp\Python3\2019_09_Robotframwork\other\Tmp.robot">
<test id="s1-t1" name="Case1">
<kw name="Set Variable" library="BuiltIn">
<doc>Returns the given values which can then be assigned to a variables.</doc>
<arguments>
<arg>100</arg>
</arguments>
<assign>
<var>${a}</var>
</assign>
<msg timestamp="20191119 20:03:51.009" level="INFO">${a} = 100</msg>
<status status="PASS" starttime="20191119 20:03:51.008" endtime="20191119 20:03:51.009"></status>
</kw>
<kw name="Convert To Integer" library="BuiltIn">
<doc>Converts the given item to an integer number.</doc>
<arguments>
<arg>${a}</arg>
</arguments>
<assign>
<var>${integer}</var>
</assign>
<msg timestamp="20191119 20:03:51.010" level="INFO">${integer} = 100</msg>
<status status="PASS" starttime="20191119 20:03:51.009" endtime="20191119 20:03:51.010"></status>
</kw>
<kw name="Log To Console" library="BuiltIn">
<doc>Logs the given message to the console.</doc>
<arguments>
<arg>${integer}</arg>
</arguments>
<status status="PASS" starttime="20191119 20:03:51.010" endtime="20191119 20:03:51.011"></status>
</kw>
<kw name="Convert To Number" library="BuiltIn">
<doc>Converts the given item to a floating point number.</doc>
<arguments>
<arg>${a}</arg>
</arguments>
<assign>
<var>${number}</var>
</assign>
<msg timestamp="20191119 20:03:51.012" level="INFO">${number} = 100.0</msg>
<status status="PASS" starttime="20191119 20:03:51.011" endtime="20191119 20:03:51.012"></status>
</kw>
<kw name="Log To Console" library="BuiltIn">
<doc>Logs the given message to the console.</doc>
<arguments>
<arg>${number}</arg>
</arguments>
<status status="PASS" starttime="20191119 20:03:51.012" endtime="20191119 20:03:51.012"></status>
</kw>
<kw name="Convert To Binary" library="BuiltIn">
<doc>Converts the given item to a binary string.</doc>
<arguments>
<arg>${a}</arg>
</arguments>
<assign>
<var>${binary}</var>
</assign>
<msg timestamp="20191119 20:03:51.013" level="INFO">${binary} = 1100100</msg>
<status status="PASS" starttime="20191119 20:03:51.013" endtime="20191119 20:03:51.013"></status>
</kw>
<kw name="Log To Console" library="BuiltIn">
<doc>Logs the given message to the console.</doc>
<arguments>
<arg>${binary}</arg>
</arguments>
<status status="PASS" starttime="20191119 20:03:51.014" endtime="20191119 20:03:51.014"></status>
</kw>
<kw name="Convert To Octal" library="BuiltIn">
<doc>Converts the given item to an octal string.</doc>
<arguments>
<arg>${a}</arg>
</arguments>
<assign>
<var>${octal}</var>
</assign>
<msg timestamp="20191119 20:03:51.015" level="INFO">${octal} = 144</msg>
<status status="PASS" starttime="20191119 20:03:51.015" endtime="20191119 20:03:51.015"></status>
</kw>
<kw name="Log To Console" library="BuiltIn">
<doc>Logs the given message to the console.</doc>
<arguments>
<arg>${octal}</arg>
</arguments>
<status status="PASS" starttime="20191119 20:03:51.015" endtime="20191119 20:03:51.016"></status>
</kw>
<kw name="Convert To Hex" library="BuiltIn">
<doc>Converts the given item to a hexadecimal string.</doc>
<arguments>
<arg>${a}</arg>
</arguments>
<assign>
<var>${hex}</var>
</assign>
<msg timestamp="20191119 20:03:51.017" level="INFO">${hex} = 64</msg>
<status status="PASS" starttime="20191119 20:03:51.016" endtime="20191119 20:03:51.017"></status>
</kw>
<kw name="Log To Console" library="BuiltIn">
<doc>Logs the given message to the console.</doc>
<arguments>
<arg>${hex}</arg>
</arguments>
<status status="PASS" starttime="20191119 20:03:51.017" endtime="20191119 20:03:51.017"></status>
</kw>
<kw name="Convert To String" library="BuiltIn">
<doc>Converts the given item to a Unicode string.</doc>
<arguments>
<arg>${a}</arg>
</arguments>
<assign>
<var>${string}</var>
</assign>
<msg timestamp="20191119 20:03:51.018" level="INFO">${string} = 100</msg>
<status status="PASS" starttime="20191119 20:03:51.018" endtime="20191119 20:03:51.018"></status>
</kw>
<kw name="Log To Console" library="BuiltIn">
<doc>Logs the given message to the console.</doc>
<arguments>
<arg>${string}</arg>
</arguments>
<status status="PASS" starttime="20191119 20:03:51.018" endtime="20191119 20:03:51.019"></status>
</kw>
<kw name="Convert To Bytes" library="BuiltIn">
<doc>Converts the given ``input`` to bytes according to the ``input_type``.</doc>
<arguments>
<arg>${a}</arg>
</arguments>
<assign>
<var>${bytes}</var>
</assign>
<msg timestamp="20191119 20:03:51.019" level="INFO">${bytes} = 100</msg>
<status status="PASS" starttime="20191119 20:03:51.019" endtime="20191119 20:03:51.019"></status>
</kw>
<kw name="Log To Console" library="BuiltIn">
<doc>Logs the given message to the console.</doc>
<arguments>
<arg>${bytes}</arg>
</arguments>
<status status="PASS" starttime="20191119 20:03:51.020" endtime="20191119 20:03:51.020"></status>
</kw>
<kw name="Convert To Boolean" library="BuiltIn">
<doc>Converts the given item to Boolean true or false.</doc>
<arguments>
<arg>${a}</arg>
</arguments>
<assign>
<var>${boolean}</var>
</assign>
<msg timestamp="20191119 20:03:51.021" level="INFO">${boolean} = True</msg>
<status status="PASS" starttime="20191119 20:03:51.020" endtime="20191119 20:03:51.021"></status>
</kw>
<kw name="Log To Console" library="BuiltIn">
<doc>Logs the given message to the console.</doc>
<arguments>
<arg>${boolean}</arg>
</arguments>
<status status="PASS" starttime="20191119 20:03:51.021" endtime="20191119 20:03:51.022"></status>
</kw>
<status status="PASS" starttime="20191119 20:03:51.008" endtime="20191119 20:03:51.022" critical="yes"></status>
</test>
<test id="s1-t2" name="Case2">
<kw name="Set Variable" library="BuiltIn">
<doc>Returns the given values which can then be assigned to a variables.</doc>
<arguments>
<arg>100</arg>
</arguments>
<assign>
<var>${a}</var>
</assign>
<msg timestamp="20191119 20:03:51.024" level="INFO">${a} = 100</msg>
<status status="PASS" starttime="20191119 20:03:51.024" endtime="20191119 20:03:51.024"></status>
</kw>
<kw name="Convert To Integer" library="BuiltIn">
<doc>Converts the given item to an integer number.</doc>
<arguments>
<arg>${a}</arg>
<arg>2</arg>
</arguments>
<assign>
<var>${integer}</var>
</assign>
<msg timestamp="20191119 20:03:51.025" level="INFO">${integer} = 4</msg>
<status status="PASS" starttime="20191119 20:03:51.025" endtime="20191119 20:03:51.025"></status>
</kw>
<kw name="Log To Console" library="BuiltIn">
<doc>Logs the given message to the console.</doc>
<arguments>
<arg>${integer}</arg>
</arguments>
<status status="PASS" starttime="20191119 20:03:51.026" endtime="20191119 20:03:51.026"></status>
</kw>
<kw name="Convert To Binary" library="BuiltIn">
<doc>Converts the given item to a binary string.</doc>
<arguments>
<arg>${a}</arg>
<arg>8</arg>
</arguments>
<assign>
<var>${binary}</var>
</assign>
<msg timestamp="20191119 20:03:51.027" level="INFO">${binary} = 1000000</msg>
<status status="PASS" starttime="20191119 20:03:51.027" endtime="20191119 20:03:51.027"></status>
</kw>
<kw name="Log To Console" library="BuiltIn">
<doc>Logs the given message to the console.</doc>
<arguments>
<arg>${binary}</arg>
</arguments>
<status status="PASS" starttime="20191119 20:03:51.028" endtime="20191119 20:03:51.028"></status>
</kw>
<kw name="Convert To Octal" library="BuiltIn">
<doc>Converts the given item to an octal string.</doc>
<arguments>
<arg>${a}</arg>
<arg>16</arg>
</arguments>
<assign>
<var>${octal}</var>
</assign>
<msg timestamp="20191119 20:03:51.029" level="INFO">${octal} = 400</msg>
<status status="PASS" starttime="20191119 20:03:51.028" endtime="20191119 20:03:51.029"></status>
</kw>
<kw name="Log To Console" library="BuiltIn">
<doc>Logs the given message to the console.</doc>
<arguments>
<arg>${octal}</arg>
</arguments>
<status status="PASS" starttime="20191119 20:03:51.029" endtime="20191119 20:03:51.030"></status>
</kw>
<kw name="Convert To Hex" library="BuiltIn">
<doc>Converts the given item to a hexadecimal string.</doc>
<arguments>
<arg>${a}</arg>
<arg>10</arg>
</arguments>
<assign>
<var>${hex}</var>
</assign>
<msg timestamp="20191119 20:03:51.031" level="INFO">${hex} = 64</msg>
<status status="PASS" starttime="20191119 20:03:51.030" endtime="20191119 20:03:51.031"></status>
</kw>
<kw name="Log To Console" library="BuiltIn">
<doc>Logs the given message to the console.</doc>
<arguments>
<arg>${hex}</arg>
</arguments>
<status status="PASS" starttime="20191119 20:03:51.031" endtime="20191119 20:03:51.032"></status>
</kw>
<kw name="Convert To String" library="BuiltIn">
<doc>Converts the given item to a Unicode string.</doc>
<arguments>
<arg>${a}</arg>
</arguments>
<assign>
<var>${string}</var>
</assign>
<msg timestamp="20191119 20:03:51.033" level="INFO">${string} = 100</msg>
<status status="PASS" starttime="20191119 20:03:51.032" endtime="20191119 20:03:51.033"></status>
</kw>
<kw name="Log To Console" library="BuiltIn">
<doc>Logs the given message to the console.</doc>
<arguments>
<arg>${string}</arg>
</arguments>
<status status="PASS" starttime="20191119 20:03:51.033" endtime="20191119 20:03:51.034"></status>
</kw>
<kw name="Convert To Bytes" library="BuiltIn">
<doc>Converts the given ``input`` to bytes according to the ``input_type``.</doc>
<arguments>
<arg>${a}</arg>
</arguments>
<assign>
<var>${bytes}</var>
</assign>
<msg timestamp="20191119 20:03:51.036" level="INFO">${bytes} = 100</msg>
<status status="PASS" starttime="20191119 20:03:51.035" endtime="20191119 20:03:51.036"></status>
</kw>
<kw name="Log To Console" library="BuiltIn">
<doc>Logs the given message to the console.</doc>
<arguments>
<arg>${bytes}</arg>
</arguments>
<status status="PASS" starttime="20191119 20:03:51.036" endtime="20191119 20:03:51.037"></status>
</kw>
<kw name="Convert To Boolean" library="BuiltIn">
<doc>Converts the given item to Boolean true or false.</doc>
<arguments>
<arg>${a}</arg>
</arguments>
<assign>
<var>${boolean}</var>
</assign>
<msg timestamp="20191119 20:03:51.040" level="INFO">${boolean} = True</msg>
<status status="PASS" starttime="20191119 20:03:51.038" endtime="20191119 20:03:51.040"></status>
</kw>
<status status="PASS" starttime="20191119 20:03:51.023" endtime="20191119 20:03:51.045" critical="yes"></status>
</test>
<status status="PASS" starttime="20191119 20:03:50.972" endtime="20191119 20:03:51.046"></status>
</suite>
<statistics>
<total>
<stat pass="2" fail="0">Critical Tests</stat>
<stat pass="2" fail="0">All Tests</stat>
</total>
<tag>
</tag>
<suite>
<stat pass="2" fail="0" id="s1" name="Tmp">Tmp</stat>
</suite>
</statistics>
<errors>
</errors>
</robot>
