<?xml version="1.0" encoding="UTF-8"?>
<robot generator="Robot 3.1.2 (Python 3.6.5 on win32)" generated="20191010 16:15:22.360" rpa="false">
<suite id="s1" name="2010912 二分法猜字游戏" source="D:\MyTest\Python3\Tmp\Python3\2019_09_Robotframwork\other\2010912_二分法猜字游戏.robot">
<test id="s1-t1" name="Number_game">
<kw name="Log To Console" library="BuiltIn" type="setup">
<doc>Logs the given message to the console.</doc>
<arguments>
<arg>----\nWlcome to my Game!----\n</arg>
</arguments>
<status status="PASS" starttime="20191010 16:15:22.697" endtime="20191010 16:15:22.698"></status>
</kw>
<kw name="${i} IN RANGE [ 1 ]" type="for">
<kw name="${i} = 0" type="foritem">
<kw name="Evaluate" library="BuiltIn">
<doc>Evaluates the given expression in Python and returns the results.</doc>
<arguments>
<arg>random.randint(60,99)</arg>
<arg>random</arg>
</arguments>
<assign>
<var>${input}</var>
</assign>
<msg timestamp="20191010 16:15:22.701" level="INFO">${input} = 79</msg>
<status status="PASS" starttime="20191010 16:15:22.700" endtime="20191010 16:15:22.701"></status>
</kw>
<kw name="Run Keyword If" library="BuiltIn">
<doc>Runs the given keyword with the given arguments, if ``condition`` is true.</doc>
<arguments>
<arg>int($input)==100</arg>
<arg>log to console</arg>
<arg>恭喜你，答对了！</arg>
<arg>ELSE IF</arg>
<arg>int($input)&gt;90</arg>
<arg>log to console</arg>
<arg>90分段数字错误，大于目标数</arg>
<arg>ELSE IF</arg>
<arg>int($input)&gt;80</arg>
<arg>log to console</arg>
<arg>80分段数字错误，大于目标数</arg>
<arg>ELSE IF</arg>
<arg>int($input)&gt;70</arg>
<arg>log to console</arg>
<arg>70分段数字错误，大于目标数</arg>
<arg>ELSE IF</arg>
<arg>str($input)=='q'</arg>
<arg>exit for loop</arg>
<arg>ELSE IF</arg>
<arg>str($input)=='c'</arg>
<arg>continue</arg>
<arg>for loop</arg>
<arg>ELSE</arg>
<arg>log to console</arg>
<arg>你无法答对该问题，建议退出...</arg>
</arguments>
<kw name="Log To Console" library="BuiltIn">
<doc>Logs the given message to the console.</doc>
<arguments>
<arg>70分段数字错误，大于目标数</arg>
</arguments>
<status status="PASS" starttime="20191010 16:15:22.712" endtime="20191010 16:15:22.713"></status>
</kw>
<status status="PASS" starttime="20191010 16:15:22.701" endtime="20191010 16:15:22.713"></status>
</kw>
<status status="PASS" starttime="20191010 16:15:22.700" endtime="20191010 16:15:22.713"></status>
</kw>
<status status="PASS" starttime="20191010 16:15:22.698" endtime="20191010 16:15:22.713"></status>
</kw>
<doc>---- Guess number Game！----
</doc>
<status status="PASS" starttime="20191010 16:15:22.696" endtime="20191010 16:15:22.713" critical="yes"></status>
</test>
<status status="PASS" starttime="20191010 16:15:22.363" endtime="20191010 16:15:22.714"></status>
</suite>
<statistics>
<total>
<stat pass="1" fail="0">Critical Tests</stat>
<stat pass="1" fail="0">All Tests</stat>
</total>
<tag>
</tag>
<suite>
<stat pass="1" fail="0" id="s1" name="2010912 二分法猜字游戏">2010912 二分法猜字游戏</stat>
</suite>
</statistics>
<errors>
</errors>
</robot>
