<?xml version="1.0" encoding="UTF-8"?>
<robot generator="Robot 3.1.2 (Python 3.6.5 on win32)" generated="20190919 18:28:41.350" rpa="false">
<suite id="s1" name="testCase" source="D:\MyTest\Python3\Tmp\Python3\2019_09_Robotframwork\20190919Addclass\testCase">
<kw name="Start Web" library="libPython.pythonApi.Webadmin" type="setup">
<msg timestamp="20190919 18:28:48.921" level="INFO">----准备启动驱动程序----
----打开浏览器----</msg>
<status status="PASS" starttime="20190919 18:28:41.569" endtime="20190919 18:28:48.922"></status>
</kw>
<suite id="s1-s1" name="webTest" source="D:\MyTest\Python3\Tmp\Python3\2019_09_Robotframwork\20190919Addclass\testCase\webTest">
<kw name="Login Web" library="libPython.pythonApi.Webadmin" type="setup">
<msg timestamp="20190919 18:28:50.790" level="INFO">----登录账户----</msg>
<status status="PASS" starttime="20190919 18:28:48.929" endtime="20190919 18:28:50.790"></status>
</kw>
<suite id="s1-s1-s1" name="班级管理" source="D:\MyTest\Python3\Tmp\Python3\2019_09_Robotframwork\20190919Addclass\testCase\webTest\班级管理">
<suite id="s1-s1-s1-s1" name="20190918 添加培训班" source="D:\MyTest\Python3\Tmp\Python3\2019_09_Robotframwork\20190919Addclass\testCase\webTest\班级管理\20190918_添加培训班.robot">
<test id="s1-s1-s1-s1-t1" name="添加课程1">
<kw name="Deleteallcourse Web" library="libPython.pythonApi.Webadmin" type="setup">
<msg timestamp="20190919 18:28:55.817" level="INFO">----清除所有课程----
----删除课程成功----
----删除课程成功----
----删除课程成功----</msg>
<status status="PASS" starttime="20190919 18:28:50.810" endtime="20190919 18:28:55.817"></status>
</kw>
<kw name="Run Keywords" library="BuiltIn">
<doc>Executes all the given keywords in a sequence.</doc>
<arguments>
<arg>addcourseWeb</arg>
<arg>初中语文</arg>
<arg>语文描述</arg>
<arg>1</arg>
<arg>AND</arg>
<arg>listcourseWeb</arg>
</arguments>
<kw name="Addcourse Web" library="libPython.pythonApi.Webadmin">
<arguments>
<arg>初中语文</arg>
<arg>语文描述</arg>
<arg>1</arg>
</arguments>
<msg timestamp="20190919 18:28:57.253" level="INFO">----添加课程----</msg>
<status status="PASS" starttime="20190919 18:28:55.817" endtime="20190919 18:28:57.253"></status>
</kw>
<kw name="Listcourse Web" library="libPython.pythonApi.Webadmin">
<msg timestamp="20190919 18:28:57.378" level="INFO">----列出课程----
课程列表：['报错课程_20190908', '初中语文']
课程名称：报错课程_20190908
课程名称：初中语文</msg>
<status status="PASS" starttime="20190919 18:28:57.253" endtime="20190919 18:28:57.378"></status>
</kw>
<status status="PASS" starttime="20190919 18:28:55.817" endtime="20190919 18:28:57.378"></status>
</kw>
<kw name="Listcourse Web" library="libPython.pythonApi.Webadmin">
<assign>
<var>${course}</var>
</assign>
<msg timestamp="20190919 18:28:57.488" level="INFO">----列出课程----
课程列表：['报错课程_20190908', '初中语文']
课程名称：报错课程_20190908
课程名称：初中语文</msg>
<msg timestamp="20190919 18:28:57.488" level="INFO">${course} = 课程列表：['报错课程_20190908', '初中语文']</msg>
<status status="PASS" starttime="20190919 18:28:57.378" endtime="20190919 18:28:57.488"></status>
</kw>
<kw name="Log To Console" library="BuiltIn">
<doc>Logs the given message to the console.</doc>
<arguments>
<arg>\n${course}\n</arg>
</arguments>
<status status="PASS" starttime="20190919 18:28:57.488" endtime="20190919 18:28:57.488"></status>
</kw>
<status status="PASS" starttime="20190919 18:28:50.808" endtime="20190919 18:28:57.488" critical="yes"></status>
</test>
<test id="s1-s1-s1-s1-t2" name="添加课程2">
<kw name="Run Keywords" library="BuiltIn">
<doc>Executes all the given keywords in a sequence.</doc>
<arguments>
<arg>addcourseWeb</arg>
<arg>初中数学</arg>
<arg>数学描述</arg>
<arg>AND</arg>
<arg>listcourseWeb</arg>
</arguments>
<kw name="Addcourse Web" library="libPython.pythonApi.Webadmin">
<arguments>
<arg>初中数学</arg>
<arg>数学描述</arg>
</arguments>
<msg timestamp="20190919 18:28:58.968" level="INFO">----添加课程----</msg>
<status status="PASS" starttime="20190919 18:28:57.488" endtime="20190919 18:28:58.968"></status>
</kw>
<kw name="Listcourse Web" library="libPython.pythonApi.Webadmin">
<msg timestamp="20190919 18:28:59.093" level="INFO">----列出课程----
课程列表：['报错课程_20190908', '初中语文', '初中数学']
课程名称：报错课程_20190908
课程名称：初中语文
课程名称：初中数学</msg>
<status status="PASS" starttime="20190919 18:28:58.968" endtime="20190919 18:28:59.093"></status>
</kw>
<status status="PASS" starttime="20190919 18:28:57.488" endtime="20190919 18:28:59.093"></status>
</kw>
<kw name="Listcourse Web" library="libPython.pythonApi.Webadmin">
<assign>
<var>${course}</var>
</assign>
<msg timestamp="20190919 18:28:59.202" level="INFO">----列出课程----
课程列表：['报错课程_20190908', '初中语文', '初中数学']
课程名称：报错课程_20190908
课程名称：初中语文
课程名称：初中数学</msg>
<msg timestamp="20190919 18:28:59.202" level="INFO">${course} = 课程列表：['报错课程_20190908', '初中语文', '初中数学']</msg>
<status status="PASS" starttime="20190919 18:28:59.093" endtime="20190919 18:28:59.202"></status>
</kw>
<kw name="Log To Console" library="BuiltIn">
<doc>Logs the given message to the console.</doc>
<arguments>
<arg>\n${course}\n</arg>
</arguments>
<status status="PASS" starttime="20190919 18:28:59.202" endtime="20190919 18:28:59.202"></status>
</kw>
<status status="PASS" starttime="20190919 18:28:57.488" endtime="20190919 18:28:59.217" critical="yes"></status>
</test>
<test id="s1-s1-s1-s1-t3" name="添加培训班1">
<kw name="Selectclass Tab" library="libPython.pythonApi.Webadmin" type="setup">
<msg timestamp="20190919 18:28:59.765" level="INFO">----跳转培训班页面----</msg>
<status status="PASS" starttime="20190919 18:28:59.217" endtime="20190919 18:28:59.765"></status>
</kw>
<kw name="Deleteallclass Web" library="libPython.pythonApi.Webadmin">
<msg timestamp="20190919 18:29:01.399" level="INFO">----清除所有培训班----
----删除培训班成功----</msg>
<status status="PASS" starttime="20190919 18:28:59.765" endtime="20190919 18:29:01.399"></status>
</kw>
<kw name="Run Keywords" library="BuiltIn">
<doc>Executes all the given keywords in a sequence.</doc>
<arguments>
<arg>addclassWeb</arg>
<arg>综合老师1</arg>
<arg>综合描述1</arg>
<arg>1</arg>
<arg>初中语文</arg>
<arg>初中数学</arg>
<arg>AND</arg>
<arg>listclassWeb</arg>
</arguments>
<kw name="Addclass Web" library="libPython.pythonApi.Webadmin">
<arguments>
<arg>综合老师1</arg>
<arg>综合描述1</arg>
<arg>1</arg>
<arg>初中语文</arg>
<arg>初中数学</arg>
</arguments>
<msg timestamp="20190919 18:29:05.568" level="INFO">----添加培训班----</msg>
<status status="PASS" starttime="20190919 18:29:01.399" endtime="20190919 18:29:05.568"></status>
</kw>
<kw name="Listclass Web" library="libPython.pythonApi.Webadmin">
<msg timestamp="20190919 18:29:05.630" level="INFO">----列出培训班----
培训班列表：['1', '综合老师1']
培训班名称：1
培训班名称：综合老师1</msg>
<status status="PASS" starttime="20190919 18:29:05.568" endtime="20190919 18:29:05.630"></status>
</kw>
<status status="PASS" starttime="20190919 18:29:01.399" endtime="20190919 18:29:05.630"></status>
</kw>
<kw name="Listclass Web" library="libPython.pythonApi.Webadmin">
<assign>
<var>${class}</var>
</assign>
<msg timestamp="20190919 18:29:05.708" level="INFO">----列出培训班----
培训班列表：['1', '综合老师1']
培训班名称：1
培训班名称：综合老师1</msg>
<msg timestamp="20190919 18:29:05.708" level="INFO">${class} = 培训班列表：['1', '综合老师1']</msg>
<status status="PASS" starttime="20190919 18:29:05.630" endtime="20190919 18:29:05.708"></status>
</kw>
<kw name="Log To Console" library="BuiltIn">
<doc>Logs the given message to the console.</doc>
<arguments>
<arg>\n${class}\n</arg>
</arguments>
<status status="PASS" starttime="20190919 18:29:05.708" endtime="20190919 18:29:05.708"></status>
</kw>
<kw name="Deleteallclass Web" library="libPython.pythonApi.Webadmin">
<msg timestamp="20190919 18:29:07.353" level="INFO">----清除所有培训班----
----删除培训班成功----</msg>
<status status="PASS" starttime="20190919 18:29:05.708" endtime="20190919 18:29:07.353"></status>
</kw>
<kw name="Selectcourse Tab" library="libPython.pythonApi.Webadmin" type="teardown">
<msg timestamp="20190919 18:29:07.911" level="INFO">----跳转课程页面----</msg>
<status status="PASS" starttime="20190919 18:29:07.353" endtime="20190919 18:29:07.911"></status>
</kw>
<status status="PASS" starttime="20190919 18:28:59.217" endtime="20190919 18:29:07.911" critical="yes"></status>
</test>
<status status="PASS" starttime="20190919 18:28:50.794" endtime="20190919 18:29:07.911"></status>
</suite>
<status status="PASS" starttime="20190919 18:28:50.790" endtime="20190919 18:29:07.911"></status>
</suite>
<suite id="s1-s1-s2" name="班级管理班期" source="D:\MyTest\Python3\Tmp\Python3\2019_09_Robotframwork\20190919Addclass\testCase\webTest\班级管理班期">
<suite id="s1-s1-s2-s1" name="20190918 添加培训班期" source="D:\MyTest\Python3\Tmp\Python3\2019_09_Robotframwork\20190919Addclass\testCase\webTest\班级管理班期\20190918_添加培训班期.robot">
<test id="s1-s1-s2-s1-t1" name="添加课程1">
<kw name="Deleteallcourse Web" library="libPython.pythonApi.Webadmin" type="setup">
<msg timestamp="20190919 18:29:11.170" level="INFO">----清除所有课程----
----删除课程成功----
----删除课程成功----</msg>
<status status="PASS" starttime="20190919 18:29:07.927" endtime="20190919 18:29:11.170"></status>
</kw>
<kw name="Run Keywords" library="BuiltIn">
<doc>Executes all the given keywords in a sequence.</doc>
<arguments>
<arg>addcourseWeb</arg>
<arg>初中语文</arg>
<arg>语文描述</arg>
<arg>100</arg>
<arg>AND</arg>
<arg>listcourseWeb</arg>
</arguments>
<kw name="Addcourse Web" library="libPython.pythonApi.Webadmin">
<arguments>
<arg>初中语文</arg>
<arg>语文描述</arg>
<arg>100</arg>
</arguments>
<msg timestamp="20190919 18:29:12.533" level="INFO">----添加课程----</msg>
<status status="PASS" starttime="20190919 18:29:11.170" endtime="20190919 18:29:12.533"></status>
</kw>
<kw name="Listcourse Web" library="libPython.pythonApi.Webadmin">
<msg timestamp="20190919 18:29:12.611" level="INFO">----列出课程----
课程列表：['报错课程_20190908', '初中语文']
课程名称：报错课程_20190908
课程名称：初中语文</msg>
<status status="PASS" starttime="20190919 18:29:12.533" endtime="20190919 18:29:12.611"></status>
</kw>
<status status="PASS" starttime="20190919 18:29:11.170" endtime="20190919 18:29:12.611"></status>
</kw>
<kw name="Listcourse Web" library="libPython.pythonApi.Webadmin">
<assign>
<var>${course}</var>
</assign>
<msg timestamp="20190919 18:29:12.690" level="INFO">----列出课程----
课程列表：['报错课程_20190908', '初中语文']
课程名称：报错课程_20190908
课程名称：初中语文</msg>
<msg timestamp="20190919 18:29:12.690" level="INFO">${course} = 课程列表：['报错课程_20190908', '初中语文']</msg>
<status status="PASS" starttime="20190919 18:29:12.611" endtime="20190919 18:29:12.690"></status>
</kw>
<kw name="Log To Console" library="BuiltIn">
<doc>Logs the given message to the console.</doc>
<arguments>
<arg>\n${course}\n</arg>
</arguments>
<status status="PASS" starttime="20190919 18:29:12.690" endtime="20190919 18:29:12.690"></status>
</kw>
<status status="PASS" starttime="20190919 18:29:07.927" endtime="20190919 18:29:12.690" critical="yes"></status>
</test>
<test id="s1-s1-s2-s1-t2" name="添加课程2">
<kw name="Run Keywords" library="BuiltIn">
<doc>Executes all the given keywords in a sequence.</doc>
<arguments>
<arg>addcourseWeb</arg>
<arg>初中数学</arg>
<arg>数学描述</arg>
<arg>AND</arg>
<arg>listcourseWeb</arg>
</arguments>
<kw name="Addcourse Web" library="libPython.pythonApi.Webadmin">
<arguments>
<arg>初中数学</arg>
<arg>数学描述</arg>
</arguments>
<msg timestamp="20190919 18:29:13.999" level="INFO">----添加课程----</msg>
<status status="PASS" starttime="20190919 18:29:12.690" endtime="20190919 18:29:13.999"></status>
</kw>
<kw name="Listcourse Web" library="libPython.pythonApi.Webadmin">
<msg timestamp="20190919 18:29:14.092" level="INFO">----列出课程----
课程列表：['报错课程_20190908', '初中数学', '初中语文']
课程名称：报错课程_20190908
课程名称：初中数学
课程名称：初中语文</msg>
<status status="PASS" starttime="20190919 18:29:13.999" endtime="20190919 18:29:14.092"></status>
</kw>
<status status="PASS" starttime="20190919 18:29:12.690" endtime="20190919 18:29:14.092"></status>
</kw>
<kw name="Listcourse Web" library="libPython.pythonApi.Webadmin">
<assign>
<var>${course}</var>
</assign>
<msg timestamp="20190919 18:29:14.186" level="INFO">----列出课程----
课程列表：['报错课程_20190908', '初中数学', '初中语文']
课程名称：报错课程_20190908
课程名称：初中数学
课程名称：初中语文</msg>
<msg timestamp="20190919 18:29:14.186" level="INFO">${course} = 课程列表：['报错课程_20190908', '初中数学', '初中语文']</msg>
<status status="PASS" starttime="20190919 18:29:14.092" endtime="20190919 18:29:14.186"></status>
</kw>
<kw name="Log To Console" library="BuiltIn">
<doc>Logs the given message to the console.</doc>
<arguments>
<arg>\n${course}\n</arg>
</arguments>
<status status="PASS" starttime="20190919 18:29:14.186" endtime="20190919 18:29:14.186"></status>
</kw>
<status status="PASS" starttime="20190919 18:29:12.690" endtime="20190919 18:29:14.186" critical="yes"></status>
</test>
<test id="s1-s1-s2-s1-t3" name="添加培训班1">
<kw name="Selectclass Tab" library="libPython.pythonApi.Webadmin" type="setup">
<msg timestamp="20190919 18:29:14.742" level="INFO">----跳转培训班页面----</msg>
<status status="PASS" starttime="20190919 18:29:14.186" endtime="20190919 18:29:14.742"></status>
</kw>
<kw name="Deleteallclass Web" library="libPython.pythonApi.Webadmin">
<msg timestamp="20190919 18:29:14.742" level="INFO">----清除所有培训班----</msg>
<status status="PASS" starttime="20190919 18:29:14.742" endtime="20190919 18:29:14.742"></status>
</kw>
<kw name="Run Keywords" library="BuiltIn">
<doc>Executes all the given keywords in a sequence.</doc>
<arguments>
<arg>addclassWeb</arg>
<arg>初中班</arg>
<arg>综合描述1</arg>
<arg>100</arg>
<arg>初中语文</arg>
<arg>AND</arg>
<arg>listclassWeb</arg>
</arguments>
<kw name="Addclass Web" library="libPython.pythonApi.Webadmin">
<arguments>
<arg>初中班</arg>
<arg>综合描述1</arg>
<arg>100</arg>
<arg>初中语文</arg>
</arguments>
<msg timestamp="20190919 18:29:17.750" level="INFO">----添加培训班----</msg>
<status status="PASS" starttime="20190919 18:29:14.742" endtime="20190919 18:29:17.750"></status>
</kw>
<kw name="Listclass Web" library="libPython.pythonApi.Webadmin">
<msg timestamp="20190919 18:29:17.844" level="INFO">----列出培训班----
培训班列表：['1', '初中班']
培训班名称：1
培训班名称：初中班</msg>
<status status="PASS" starttime="20190919 18:29:17.750" endtime="20190919 18:29:17.844"></status>
</kw>
<status status="PASS" starttime="20190919 18:29:14.742" endtime="20190919 18:29:17.844"></status>
</kw>
<kw name="Listclass Web" library="libPython.pythonApi.Webadmin">
<assign>
<var>${class}</var>
</assign>
<msg timestamp="20190919 18:29:17.907" level="INFO">----列出培训班----
培训班列表：['1', '初中班']
培训班名称：1
培训班名称：初中班</msg>
<msg timestamp="20190919 18:29:17.907" level="INFO">${class} = 培训班列表：['1', '初中班']</msg>
<status status="PASS" starttime="20190919 18:29:17.844" endtime="20190919 18:29:17.907"></status>
</kw>
<kw name="Log To Console" library="BuiltIn">
<doc>Logs the given message to the console.</doc>
<arguments>
<arg>\n${class}\n</arg>
</arguments>
<status status="PASS" starttime="20190919 18:29:17.907" endtime="20190919 18:29:17.907"></status>
</kw>
<status status="PASS" starttime="20190919 18:29:14.186" endtime="20190919 18:29:17.907" critical="yes"></status>
</test>
<test id="s1-s1-s2-s1-t4" name="添加培训班期1">
<kw name="Selectclassqi Tab" library="libPython.pythonApi.Webadmin" type="setup">
<msg timestamp="20190919 18:29:18.476" level="INFO">----跳转培训班期页面----</msg>
<status status="PASS" starttime="20190919 18:29:17.907" endtime="20190919 18:29:18.476"></status>
</kw>
<kw name="Deleteallclassqi Web" library="libPython.pythonApi.Webadmin">
<msg timestamp="20190919 18:29:18.476" level="INFO">----清除所有培训班期----</msg>
<status status="PASS" starttime="20190919 18:29:18.476" endtime="20190919 18:29:18.476"></status>
</kw>
<kw name="Run Keywords" library="BuiltIn">
<doc>Executes all the given keywords in a sequence.</doc>
<arguments>
<arg>addclassqiWeb</arg>
<arg>初中班1期</arg>
<arg>综合描述1</arg>
<arg>100</arg>
<arg>初中班</arg>
<arg>AND</arg>
<arg>listclassqiWeb</arg>
</arguments>
<kw name="Addclassqi Web" library="libPython.pythonApi.Webadmin">
<arguments>
<arg>初中班1期</arg>
<arg>综合描述1</arg>
<arg>100</arg>
<arg>初中班</arg>
</arguments>
<msg timestamp="20190919 18:29:20.965" level="INFO">----添加培训班期----</msg>
<status status="PASS" starttime="20190919 18:29:18.476" endtime="20190919 18:29:20.965"></status>
</kw>
<kw name="Listclassqi Web" library="libPython.pythonApi.Webadmin">
<msg timestamp="20190919 18:29:21.028" level="INFO">----列出培训班期----
培训班期列表：['1', '初中班1期']
培训班期名称：1
培训班期名称：初中班1期</msg>
<status status="PASS" starttime="20190919 18:29:20.965" endtime="20190919 18:29:21.028"></status>
</kw>
<status status="PASS" starttime="20190919 18:29:18.476" endtime="20190919 18:29:21.028"></status>
</kw>
<kw name="Listclassqi Web" library="libPython.pythonApi.Webadmin">
<assign>
<var>${class}</var>
</assign>
<msg timestamp="20190919 18:29:21.106" level="INFO">----列出培训班期----
培训班期列表：['1', '初中班1期']
培训班期名称：1
培训班期名称：初中班1期</msg>
<msg timestamp="20190919 18:29:21.106" level="INFO">${class} = 培训班列表：['1', '初中班1期']</msg>
<status status="PASS" starttime="20190919 18:29:21.043" endtime="20190919 18:29:21.106"></status>
</kw>
<kw name="Log To Console" library="BuiltIn">
<doc>Logs the given message to the console.</doc>
<arguments>
<arg>\n${class}\n</arg>
</arguments>
<status status="PASS" starttime="20190919 18:29:21.106" endtime="20190919 18:29:21.106"></status>
</kw>
<kw name="Deleteallclassqi Web" library="libPython.pythonApi.Webadmin">
<msg timestamp="20190919 18:29:22.729" level="INFO">----清除所有培训班期----
----删除培训班期成功----</msg>
<status status="PASS" starttime="20190919 18:29:21.106" endtime="20190919 18:29:22.729"></status>
</kw>
<kw name="Selectcourse Tab" library="libPython.pythonApi.Webadmin" type="teardown">
<msg timestamp="20190919 18:29:23.339" level="INFO">----跳转课程页面----</msg>
<status status="PASS" starttime="20190919 18:29:22.729" endtime="20190919 18:29:23.339"></status>
</kw>
<status status="PASS" starttime="20190919 18:29:17.907" endtime="20190919 18:29:23.339" critical="yes"></status>
</test>
<status status="PASS" starttime="20190919 18:29:07.911" endtime="20190919 18:29:23.339"></status>
</suite>
<status status="PASS" starttime="20190919 18:29:07.911" endtime="20190919 18:29:23.339"></status>
</suite>
<suite id="s1-s1-s3" name="老师管理" source="D:\MyTest\Python3\Tmp\Python3\2019_09_Robotframwork\20190919Addclass\testCase\webTest\老师管理">
<suite id="s1-s1-s3-s1" name="20190918 添加老师" source="D:\MyTest\Python3\Tmp\Python3\2019_09_Robotframwork\20190919Addclass\testCase\webTest\老师管理\20190918_添加老师.robot">
<test id="s1-s1-s3-s1-t1" name="添加课程1">
<kw name="Deleteallcourse Web" library="libPython.pythonApi.Webadmin" type="setup">
<msg timestamp="20190919 18:29:26.598" level="INFO">----清除所有课程----
----删除课程成功----
----删除课程成功----</msg>
<status status="PASS" starttime="20190919 18:29:23.355" endtime="20190919 18:29:26.598"></status>
</kw>
<kw name="Run Keywords" library="BuiltIn">
<doc>Executes all the given keywords in a sequence.</doc>
<arguments>
<arg>addcourseWeb</arg>
<arg>初中语文</arg>
<arg>语文描述</arg>
<arg>1</arg>
<arg>AND</arg>
<arg>listcourseWeb</arg>
</arguments>
<kw name="Addcourse Web" library="libPython.pythonApi.Webadmin">
<arguments>
<arg>初中语文</arg>
<arg>语文描述</arg>
<arg>1</arg>
</arguments>
<msg timestamp="20190919 18:29:27.987" level="INFO">----添加课程----</msg>
<status status="PASS" starttime="20190919 18:29:26.598" endtime="20190919 18:29:27.987"></status>
</kw>
<kw name="Listcourse Web" library="libPython.pythonApi.Webadmin">
<msg timestamp="20190919 18:29:28.050" level="INFO">----列出课程----
课程列表：['报错课程_20190908', '初中语文']
课程名称：报错课程_20190908
课程名称：初中语文</msg>
<status status="PASS" starttime="20190919 18:29:27.987" endtime="20190919 18:29:28.050"></status>
</kw>
<status status="PASS" starttime="20190919 18:29:26.598" endtime="20190919 18:29:28.050"></status>
</kw>
<kw name="Listcourse Web" library="libPython.pythonApi.Webadmin">
<assign>
<var>${course}</var>
</assign>
<msg timestamp="20190919 18:29:28.128" level="INFO">----列出课程----
课程列表：['报错课程_20190908', '初中语文']
课程名称：报错课程_20190908
课程名称：初中语文</msg>
<msg timestamp="20190919 18:29:28.128" level="INFO">${course} = 课程列表：['报错课程_20190908', '初中语文']</msg>
<status status="PASS" starttime="20190919 18:29:28.065" endtime="20190919 18:29:28.128"></status>
</kw>
<kw name="Log To Console" library="BuiltIn">
<doc>Logs the given message to the console.</doc>
<arguments>
<arg>\n${course}\n</arg>
</arguments>
<status status="PASS" starttime="20190919 18:29:28.128" endtime="20190919 18:29:28.128"></status>
</kw>
<status status="PASS" starttime="20190919 18:29:23.355" endtime="20190919 18:29:28.128" critical="yes"></status>
</test>
<test id="s1-s1-s3-s1-t2" name="添加课程2">
<kw name="Run Keywords" library="BuiltIn">
<doc>Executes all the given keywords in a sequence.</doc>
<arguments>
<arg>addcourseWeb</arg>
<arg>初中数学</arg>
<arg>数学描述</arg>
<arg>AND</arg>
<arg>listcourseWeb</arg>
</arguments>
<kw name="Addcourse Web" library="libPython.pythonApi.Webadmin">
<arguments>
<arg>初中数学</arg>
<arg>数学描述</arg>
</arguments>
<msg timestamp="20190919 18:29:29.510" level="INFO">----添加课程----</msg>
<status status="PASS" starttime="20190919 18:29:28.128" endtime="20190919 18:29:29.510"></status>
</kw>
<kw name="Listcourse Web" library="libPython.pythonApi.Webadmin">
<msg timestamp="20190919 18:29:29.619" level="INFO">----列出课程----
课程列表：['报错课程_20190908', '初中语文', '初中数学']
课程名称：报错课程_20190908
课程名称：初中语文
课程名称：初中数学</msg>
<status status="PASS" starttime="20190919 18:29:29.510" endtime="20190919 18:29:29.619"></status>
</kw>
<status status="PASS" starttime="20190919 18:29:28.128" endtime="20190919 18:29:29.619"></status>
</kw>
<kw name="Listcourse Web" library="libPython.pythonApi.Webadmin">
<assign>
<var>${course}</var>
</assign>
<msg timestamp="20190919 18:29:29.713" level="INFO">----列出课程----
课程列表：['报错课程_20190908', '初中语文', '初中数学']
课程名称：报错课程_20190908
课程名称：初中语文
课程名称：初中数学</msg>
<msg timestamp="20190919 18:29:29.713" level="INFO">${course} = 课程列表：['报错课程_20190908', '初中语文', '初中数学']</msg>
<status status="PASS" starttime="20190919 18:29:29.619" endtime="20190919 18:29:29.713"></status>
</kw>
<kw name="Log To Console" library="BuiltIn">
<doc>Logs the given message to the console.</doc>
<arguments>
<arg>\n${course}\n</arg>
</arguments>
<status status="PASS" starttime="20190919 18:29:29.713" endtime="20190919 18:29:29.713"></status>
</kw>
<status status="PASS" starttime="20190919 18:29:28.128" endtime="20190919 18:29:29.713" critical="yes"></status>
</test>
<test id="s1-s1-s3-s1-t3" name="添加老师1">
<kw name="Selectteacher Tab" library="libPython.pythonApi.Webadmin" type="setup">
<msg timestamp="20190919 18:29:30.271" level="INFO">----跳转老师页面----</msg>
<status status="PASS" starttime="20190919 18:29:29.713" endtime="20190919 18:29:30.271"></status>
</kw>
<kw name="Deleteallteacher Web" library="libPython.pythonApi.Webadmin">
<msg timestamp="20190919 18:29:33.331" level="INFO">----清除所有老师----</msg>
<status status="PASS" starttime="20190919 18:29:30.271" endtime="20190919 18:29:33.331"></status>
</kw>
<kw name="Run Keywords" library="BuiltIn">
<doc>Executes all the given keywords in a sequence.</doc>
<arguments>
<arg>addteacherWeb</arg>
<arg>语文老师1</arg>
<arg>语文账户1</arg>
<arg>语文描述1</arg>
<arg>初中语文</arg>
<arg>1</arg>
<arg>AND</arg>
<arg>listteacherWeb</arg>
</arguments>
<kw name="Addteacher Web" library="libPython.pythonApi.Webadmin">
<arguments>
<arg>语文老师1</arg>
<arg>语文账户1</arg>
<arg>语文描述1</arg>
<arg>初中语文</arg>
<arg>1</arg>
</arguments>
<msg timestamp="20190919 18:29:35.957" level="INFO">----添加老师----</msg>
<status status="PASS" starttime="20190919 18:29:33.331" endtime="20190919 18:29:35.957"></status>
</kw>
<kw name="Listteacher Web" library="libPython.pythonApi.Webadmin">
<msg timestamp="20190919 18:29:35.988" level="INFO">----列出老师----
课程列表：['语文老师1']
老师名称：语文老师1</msg>
<status status="PASS" starttime="20190919 18:29:35.957" endtime="20190919 18:29:35.988"></status>
</kw>
<status status="PASS" starttime="20190919 18:29:33.331" endtime="20190919 18:29:35.988"></status>
</kw>
<kw name="Listteacher Web" library="libPython.pythonApi.Webadmin">
<assign>
<var>${teacher}</var>
</assign>
<msg timestamp="20190919 18:29:36.035" level="INFO">----列出老师----
课程列表：['语文老师1']
老师名称：语文老师1</msg>
<msg timestamp="20190919 18:29:36.035" level="INFO">${teacher} = 老师列表：['语文老师1']</msg>
<status status="PASS" starttime="20190919 18:29:36.004" endtime="20190919 18:29:36.035"></status>
</kw>
<kw name="Log To Console" library="BuiltIn">
<doc>Logs the given message to the console.</doc>
<arguments>
<arg>\n${teacher}\n</arg>
</arguments>
<status status="PASS" starttime="20190919 18:29:36.035" endtime="20190919 18:29:36.035"></status>
</kw>
<status status="PASS" starttime="20190919 18:29:29.713" endtime="20190919 18:29:36.035" critical="yes"></status>
</test>
<test id="s1-s1-s3-s1-t4" name="添加老师2">
<kw name="Run Keywords" library="BuiltIn">
<doc>Executes all the given keywords in a sequence.</doc>
<arguments>
<arg>addteacherWeb</arg>
<arg>数学老师1</arg>
<arg>数学账户1</arg>
<arg>数学描述1</arg>
<arg>初中数学</arg>
<arg>1</arg>
<arg>AND</arg>
<arg>listteacherWeb</arg>
</arguments>
<kw name="Addteacher Web" library="libPython.pythonApi.Webadmin">
<arguments>
<arg>数学老师1</arg>
<arg>数学账户1</arg>
<arg>数学描述1</arg>
<arg>初中数学</arg>
<arg>1</arg>
</arguments>
<msg timestamp="20190919 18:29:38.530" level="INFO">----添加老师----</msg>
<status status="PASS" starttime="20190919 18:29:36.035" endtime="20190919 18:29:38.530"></status>
</kw>
<kw name="Listteacher Web" library="libPython.pythonApi.Webadmin">
<msg timestamp="20190919 18:29:38.592" level="INFO">----列出老师----
课程列表：['语文老师1', '数学老师1']
老师名称：语文老师1
老师名称：数学老师1</msg>
<status status="PASS" starttime="20190919 18:29:38.530" endtime="20190919 18:29:38.592"></status>
</kw>
<status status="PASS" starttime="20190919 18:29:36.035" endtime="20190919 18:29:38.592"></status>
</kw>
<kw name="Listteacher Web" library="libPython.pythonApi.Webadmin">
<assign>
<var>${teacher}</var>
</assign>
<msg timestamp="20190919 18:29:38.675" level="INFO">----列出老师----
课程列表：['语文老师1', '数学老师1']
老师名称：语文老师1
老师名称：数学老师1</msg>
<msg timestamp="20190919 18:29:38.675" level="INFO">${teacher} = 老师列表：['语文老师1', '数学老师1']</msg>
<status status="PASS" starttime="20190919 18:29:38.592" endtime="20190919 18:29:38.675"></status>
</kw>
<kw name="Log To Console" library="BuiltIn">
<doc>Logs the given message to the console.</doc>
<arguments>
<arg>\n${teacher}\n</arg>
</arguments>
<status status="PASS" starttime="20190919 18:29:38.675" endtime="20190919 18:29:38.675"></status>
</kw>
<kw name="Deleteallteacher Web" library="libPython.pythonApi.Webadmin">
<msg timestamp="20190919 18:29:40.306" level="INFO">----清除所有老师----
----删除老师成功----</msg>
<status status="PASS" starttime="20190919 18:29:38.675" endtime="20190919 18:29:40.306"></status>
</kw>
<kw name="Selectcourse Tab" library="libPython.pythonApi.Webadmin" type="teardown">
<msg timestamp="20190919 18:29:40.897" level="INFO">----跳转课程页面----</msg>
<status status="PASS" starttime="20190919 18:29:40.306" endtime="20190919 18:29:40.897"></status>
</kw>
<status status="PASS" starttime="20190919 18:29:36.035" endtime="20190919 18:29:40.897" critical="yes"></status>
</test>
<status status="PASS" starttime="20190919 18:29:23.355" endtime="20190919 18:29:40.897"></status>
</suite>
<status status="PASS" starttime="20190919 18:29:23.339" endtime="20190919 18:29:40.897"></status>
</suite>
<suite id="s1-s1-s4" name="课程管理" source="D:\MyTest\Python3\Tmp\Python3\2019_09_Robotframwork\20190919Addclass\testCase\webTest\课程管理">
<suite id="s1-s1-s4-s1" name="20190918 添加课程" source="D:\MyTest\Python3\Tmp\Python3\2019_09_Robotframwork\20190919Addclass\testCase\webTest\课程管理\20190918_添加课程.robot">
<test id="s1-s1-s4-s1-t1" name="添加课程1">
<kw name="Deleteallcourse Web" library="libPython.pythonApi.Webadmin" type="setup">
<msg timestamp="20190919 18:29:44.167" level="INFO">----清除所有课程----
----删除课程成功----
----删除课程成功----</msg>
<status status="PASS" starttime="20190919 18:29:40.913" endtime="20190919 18:29:44.167"></status>
</kw>
<kw name="Run Keywords" library="BuiltIn">
<doc>Executes all the given keywords in a sequence.</doc>
<arguments>
<arg>addcourseWeb</arg>
<arg>语文课</arg>
<arg>语文描述</arg>
<arg>1</arg>
<arg>AND</arg>
<arg>listcourseWeb</arg>
</arguments>
<kw name="Addcourse Web" library="libPython.pythonApi.Webadmin">
<arguments>
<arg>语文课</arg>
<arg>语文描述</arg>
<arg>1</arg>
</arguments>
<msg timestamp="20190919 18:29:45.537" level="INFO">----添加课程----</msg>
<status status="PASS" starttime="20190919 18:29:44.167" endtime="20190919 18:29:45.537"></status>
</kw>
<kw name="Listcourse Web" library="libPython.pythonApi.Webadmin">
<msg timestamp="20190919 18:29:45.600" level="INFO">----列出课程----
课程列表：['报错课程_20190908', '语文课']
课程名称：报错课程_20190908
课程名称：语文课</msg>
<status status="PASS" starttime="20190919 18:29:45.537" endtime="20190919 18:29:45.600"></status>
</kw>
<status status="PASS" starttime="20190919 18:29:44.167" endtime="20190919 18:29:45.600"></status>
</kw>
<kw name="Listcourse Web" library="libPython.pythonApi.Webadmin">
<assign>
<var>${course}</var>
</assign>
<msg timestamp="20190919 18:29:45.694" level="INFO">----列出课程----
课程列表：['报错课程_20190908', '语文课']
课程名称：报错课程_20190908
课程名称：语文课</msg>
<msg timestamp="20190919 18:29:45.694" level="INFO">${course} = 课程列表：['报错课程_20190908', '语文课']</msg>
<status status="PASS" starttime="20190919 18:29:45.600" endtime="20190919 18:29:45.694"></status>
</kw>
<kw name="Log To Console" library="BuiltIn">
<doc>Logs the given message to the console.</doc>
<arguments>
<arg>\n${course}\n</arg>
</arguments>
<status status="PASS" starttime="20190919 18:29:45.694" endtime="20190919 18:29:45.694"></status>
</kw>
<kw name="Deleteallcourse Web" library="libPython.pythonApi.Webadmin" type="teardown">
<msg timestamp="20190919 18:29:47.319" level="INFO">----清除所有课程----
----删除课程成功----</msg>
<status status="PASS" starttime="20190919 18:29:45.694" endtime="20190919 18:29:47.319"></status>
</kw>
<status status="PASS" starttime="20190919 18:29:40.913" endtime="20190919 18:29:47.319" critical="yes"></status>
</test>
<test id="s1-s1-s4-s1-t2" name="添加课程2">
<kw name="Deleteallcourse Web" library="libPython.pythonApi.Webadmin" type="setup">
<msg timestamp="20190919 18:29:47.335" level="INFO">----清除所有课程----</msg>
<status status="PASS" starttime="20190919 18:29:47.319" endtime="20190919 18:29:47.335"></status>
</kw>
<kw name="Run Keywords" library="BuiltIn">
<doc>Executes all the given keywords in a sequence.</doc>
<arguments>
<arg>addcourseWeb</arg>
<arg>数学课</arg>
<arg>数学描述</arg>
<arg>AND</arg>
<arg>listcourseWeb</arg>
</arguments>
<kw name="Addcourse Web" library="libPython.pythonApi.Webadmin">
<arguments>
<arg>数学课</arg>
<arg>数学描述</arg>
</arguments>
<msg timestamp="20190919 18:29:48.637" level="INFO">----添加课程----</msg>
<status status="PASS" starttime="20190919 18:29:47.335" endtime="20190919 18:29:48.637"></status>
</kw>
<kw name="Listcourse Web" library="libPython.pythonApi.Webadmin">
<msg timestamp="20190919 18:29:48.700" level="INFO">----列出课程----
课程列表：['报错课程_20190908', '数学课']
课程名称：报错课程_20190908
课程名称：数学课</msg>
<status status="PASS" starttime="20190919 18:29:48.637" endtime="20190919 18:29:48.700"></status>
</kw>
<status status="PASS" starttime="20190919 18:29:47.335" endtime="20190919 18:29:48.700"></status>
</kw>
<kw name="Listcourse Web" library="libPython.pythonApi.Webadmin">
<assign>
<var>${course}</var>
</assign>
<msg timestamp="20190919 18:29:48.778" level="INFO">----列出课程----
课程列表：['报错课程_20190908', '数学课']
课程名称：报错课程_20190908
课程名称：数学课</msg>
<msg timestamp="20190919 18:29:48.778" level="INFO">${course} = 课程列表：['报错课程_20190908', '数学课']</msg>
<status status="PASS" starttime="20190919 18:29:48.700" endtime="20190919 18:29:48.778"></status>
</kw>
<kw name="Log To Console" library="BuiltIn">
<doc>Logs the given message to the console.</doc>
<arguments>
<arg>\n${course}\n</arg>
</arguments>
<status status="PASS" starttime="20190919 18:29:48.778" endtime="20190919 18:29:48.778"></status>
</kw>
<kw name="Deleteallcourse Web" library="libPython.pythonApi.Webadmin" type="teardown">
<msg timestamp="20190919 18:29:50.387" level="INFO">----清除所有课程----
----删除课程成功----</msg>
<status status="PASS" starttime="20190919 18:29:48.778" endtime="20190919 18:29:50.387"></status>
</kw>
<status status="PASS" starttime="20190919 18:29:47.319" endtime="20190919 18:29:50.387" critical="yes"></status>
</test>
<status status="PASS" starttime="20190919 18:29:40.897" endtime="20190919 18:29:50.387"></status>
</suite>
<status status="PASS" starttime="20190919 18:29:40.897" endtime="20190919 18:29:50.403"></status>
</suite>
<status status="PASS" starttime="20190919 18:28:48.922" endtime="20190919 18:29:50.403"></status>
</suite>
<kw name="End Web" library="libPython.pythonApi.Webadmin" type="teardown">
<msg timestamp="20190919 18:29:52.832" level="INFO">----关闭浏览器----</msg>
<status status="PASS" starttime="20190919 18:29:50.403" endtime="20190919 18:29:52.832"></status>
</kw>
<status status="PASS" starttime="20190919 18:28:41.350" endtime="20190919 18:29:52.832"></status>
</suite>
<statistics>
<total>
<stat pass="13" fail="0">Critical Tests</stat>
<stat pass="13" fail="0">All Tests</stat>
</total>
<tag>
</tag>
<suite>
<stat pass="13" fail="0" id="s1" name="testCase">testCase</stat>
<stat pass="13" fail="0" id="s1-s1" name="webTest">testCase.webTest</stat>
<stat pass="3" fail="0" id="s1-s1-s1" name="班级管理">testCase.webTest.班级管理</stat>
<stat pass="3" fail="0" id="s1-s1-s1-s1" name="20190918 添加培训班">testCase.webTest.班级管理.20190918 添加培训班</stat>
<stat pass="4" fail="0" id="s1-s1-s2" name="班级管理班期">testCase.webTest.班级管理班期</stat>
<stat pass="4" fail="0" id="s1-s1-s2-s1" name="20190918 添加培训班期">testCase.webTest.班级管理班期.20190918 添加培训班期</stat>
<stat pass="4" fail="0" id="s1-s1-s3" name="老师管理">testCase.webTest.老师管理</stat>
<stat pass="4" fail="0" id="s1-s1-s3-s1" name="20190918 添加老师">testCase.webTest.老师管理.20190918 添加老师</stat>
<stat pass="2" fail="0" id="s1-s1-s4" name="课程管理">testCase.webTest.课程管理</stat>
<stat pass="2" fail="0" id="s1-s1-s4-s1" name="20190918 添加课程">testCase.webTest.课程管理.20190918 添加课程</stat>
</suite>
</statistics>
<errors>
</errors>
</robot>
